14:40:38.258 [main] INFO  api.test.Usertests - *************Creating User**************
14:40:40.286 [main] INFO  api.test.Usertests - *************Reading User Info**************
14:40:41.119 [main] INFO  api.test.Usertests - ************User Info is Displayed**************
14:40:41.122 [main] INFO  api.test.Usertests - *************Updating User**************
14:40:42.745 [main] INFO  api.test.Usertests - ************* User is updated**************
14:40:42.750 [main] INFO  api.test.Usertests - *************Deleting User**************
14:40:43.125 [main] INFO  api.test.Usertests - *************User is Deleted**************
14:42:29.594 [main] INFO  api.test.Usertests - *************Creating User**************
14:42:31.247 [main] INFO  api.test.Usertests - *************Reading User Info**************
14:42:31.985 [main] INFO  api.test.Usertests - ************User Info is Displayed**************
14:42:31.990 [main] INFO  api.test.Usertests - *************Updating User**************
14:42:33.436 [main] INFO  api.test.Usertests - ************* User is updated**************
14:42:33.439 [main] INFO  api.test.Usertests - *************Deleting User**************
14:42:33.831 [main] INFO  api.test.Usertests - *************User is Deleted**************
14:46:04.430 [main] DEBUG api.test.Usertests - ***********Debugging**************
14:46:04.441 [main] INFO  api.test.Usertests - *************Creating User**************
14:46:06.562 [main] INFO  api.test.Usertests - *************Reading User Info**************
14:46:07.335 [main] INFO  api.test.Usertests - ************User Info is Displayed**************
14:46:07.338 [main] INFO  api.test.Usertests - *************Updating User**************
14:46:08.851 [main] INFO  api.test.Usertests - ************* User is updated**************
14:46:08.856 [main] INFO  api.test.Usertests - *************Deleting User**************
14:46:09.623 [main] INFO  api.test.Usertests - *************User is Deleted**************
14:56:01.577 [main] DEBUG api.test.Usertests - Debugging..............
14:56:01.589 [main] INFO  api.test.Usertests - *************Creating User**************
14:56:03.925 [main] INFO  api.test.Usertests - *************Reading User Info**************
14:56:04.895 [main] INFO  api.test.Usertests - ************User Info is Displayed**************
14:56:04.898 [main] INFO  api.test.Usertests - *************Updating User**************
14:56:06.186 [main] INFO  api.test.Usertests - ************* User is updated**************
14:56:06.191 [main] INFO  api.test.Usertests - *************Deleting User**************
14:56:07.122 [main] INFO  api.test.Usertests - *************User is Deleted**************
15:58:58.025 [main] DEBUG api.test.Usertests2 - Debugging..............
15:58:58.036 [main] INFO  api.test.Usertests2 - *************Creating User**************
15:59:00.108 [main] INFO  api.test.Usertests2 - *************Reading User Info**************
15:59:00.948 [main] INFO  api.test.Usertests2 - *************Updating User**************
15:59:02.113 [main] INFO  api.test.Usertests2 - *************Deleting User**************
16:05:06.205 [main] DEBUG api.test.Usertests2 - Debugging..............
16:05:06.215 [main] INFO  api.test.Usertests2 - *************Creating User**************
16:05:08.239 [main] INFO  api.test.Usertests2 - *************Reading User Info**************
16:05:09.023 [main] INFO  api.test.Usertests2 - *************Updating User**************
16:05:10.546 [main] INFO  api.test.Usertests2 - *************Deleting User**************
16:11:41.995 [main] DEBUG api.test.Usertests2 - Debugging..............
16:11:42.005 [main] INFO  api.test.Usertests2 - *************Creating User**************
16:11:44.093 [main] INFO  api.test.Usertests2 - *************Reading User Info**************
16:11:44.931 [main] INFO  api.test.Usertests2 - ************User Info is Displayed**************
16:11:44.933 [main] INFO  api.test.Usertests2 - *************Updating User**************
16:11:46.128 [main] INFO  api.test.Usertests2 - ************* User is updated**************
16:11:46.132 [main] INFO  api.test.Usertests2 - *************Deleting User**************
16:11:46.955 [main] INFO  api.test.Usertests2 - *************User is Deleted**************
16:45:47.808 [main] DEBUG api.test.Usertests2 - Debugging..............
16:45:47.818 [main] INFO  api.test.Usertests2 - *************Creating User**************
16:45:49.984 [main] INFO  api.test.Usertests2 - *************Reading User Info**************
16:45:50.765 [main] INFO  api.test.Usertests2 - ************User Info is Displayed**************
16:45:50.767 [main] INFO  api.test.Usertests2 - *************Updating User**************
16:45:51.903 [main] INFO  api.test.Usertests2 - ************* User is updated**************
16:45:51.906 [main] INFO  api.test.Usertests2 - *************Deleting User**************
16:45:52.672 [main] INFO  api.test.Usertests2 - *************User is Deleted**************
16:53:18.366 [main] DEBUG api.test.Usertests2 - Debugging..............
16:53:18.374 [main] INFO  api.test.Usertests2 - *************Creating User**************
16:53:20.479 [main] INFO  api.test.Usertests2 - *************Reading User Info**************
16:53:21.287 [main] INFO  api.test.Usertests2 - ************User Info is Displayed**************
16:53:21.289 [main] INFO  api.test.Usertests2 - *************Updating User**************
16:53:22.887 [main] INFO  api.test.Usertests2 - ************* User is updated**************
16:53:22.890 [main] INFO  api.test.Usertests2 - *************Deleting User**************
16:53:23.664 [main] INFO  api.test.Usertests2 - *************User is Deleted**************
17:05:31.448 [main] DEBUG api.test.Usertests2 - Debugging..............
17:05:31.460 [main] INFO  api.test.Usertests2 - *************Creating User**************
17:05:33.229 [main] INFO  api.test.Usertests2 - *************Reading User Info**************
17:05:33.996 [main] INFO  api.test.Usertests2 - ************User Info is Displayed**************
17:05:33.998 [main] INFO  api.test.Usertests2 - *************Updating User**************
17:05:35.514 [main] INFO  api.test.Usertests2 - ************* User is updated**************
17:05:35.516 [main] INFO  api.test.Usertests2 - *************Deleting User**************
17:05:36.249 [main] INFO  api.test.Usertests2 - *************User is Deleted**************
17:11:01.765 [main] DEBUG api.test.Usertests2 - Debugging..............
17:11:01.776 [main] INFO  api.test.Usertests2 - *************Creating User**************
17:11:04.013 [main] INFO  api.test.Usertests2 - *************Reading User Info**************
17:11:04.783 [main] INFO  api.test.Usertests2 - ************User Info is Displayed**************
17:11:04.786 [main] INFO  api.test.Usertests2 - *************Updating User**************
17:11:06.251 [main] INFO  api.test.Usertests2 - ************* User is updated**************
17:11:06.253 [main] INFO  api.test.Usertests2 - *************Deleting User**************
17:11:06.982 [main] INFO  api.test.Usertests2 - *************User is Deleted**************
17:14:57.906 [main] DEBUG api.test.Usertests2 - Debugging..............
17:14:57.914 [main] INFO  api.test.Usertests2 - *************Creating User**************
17:14:59.926 [main] INFO  api.test.Usertests2 - *************Reading User Info**************
17:15:00.657 [main] INFO  api.test.Usertests2 - ************User Info is Displayed**************
17:15:00.658 [main] INFO  api.test.Usertests2 - *************Updating User**************
17:15:01.746 [main] INFO  api.test.Usertests2 - ************* User is updated**************
17:15:01.749 [main] INFO  api.test.Usertests2 - *************Deleting User**************
17:15:02.115 [main] INFO  api.test.Usertests2 - *************User is Deleted**************
